================================================================================
SET iris
================================================================================
--------------------------------------------------------------------------------
Gaussian NB
--------------------------------------------------------------------------------

model N/A
fold 1 => [1.0, 1.0]
fold 2 => [0.8306878306878307, 0.83333333333333337]
fold 3 => [1.0, 1.0]
fold 4 => [0.95816993464052291, 0.95833333333333337]
fold 5 => [1.0, 1.0]
average [0.95777155306567074, 0.95833333333333337]

********************************************************************************
winner model N/A score 0.957771553066 => [0.93265993265993263, 0.93333333333333335]
********************************************************************************

--------------------------------------------------------------------------------
Random Forest
--------------------------------------------------------------------------------

model (5, 'gini')
fold 1 => [0.95816993464052291, 0.95833333333333337]
fold 2 => [0.91666666666666663, 0.91666666666666663]
fold 3 => [1.0, 1.0]
fold 4 => [0.95816993464052291, 0.95833333333333337]
fold 5 => [0.87450980392156863, 0.875]
average [0.94150326797385619, 0.94166666666666676]

model (5, 'entropy')
fold 1 => [1.0, 1.0]
fold 2 => [0.8306878306878307, 0.83333333333333337]
fold 3 => [0.95816993464052291, 0.95833333333333337]
fold 4 => [0.95816993464052291, 0.95833333333333337]
fold 5 => [0.91666666666666663, 0.91666666666666663]
average [0.9327388733271087, 0.93333333333333335]

model (10, 'gini')
fold 1 => [0.95816993464052291, 0.95833333333333337]
fold 2 => [0.91666666666666663, 0.91666666666666663]
fold 3 => [0.95816993464052291, 0.95833333333333337]
fold 4 => [0.95816993464052291, 0.95833333333333337]
fold 5 => [0.91534391534391535, 0.91666666666666663]
average [0.94130407718643028, 0.94166666666666676]

model (10, 'entropy')
fold 1 => [0.95816993464052291, 0.95833333333333337]
fold 2 => [0.91666666666666663, 0.91666666666666663]
fold 3 => [0.95816993464052291, 0.95833333333333337]
fold 4 => [0.95816993464052291, 0.95833333333333337]
fold 5 => [0.91666666666666663, 0.91666666666666663]
average [0.94156862745098047, 0.94166666666666676]

model (20, 'gini')
fold 1 => [0.95816993464052291, 0.95833333333333337]
fold 2 => [0.91666666666666663, 0.91666666666666663]
fold 3 => [0.95816993464052291, 0.95833333333333337]
fold 4 => [0.95816993464052291, 0.95833333333333337]
fold 5 => [1.0, 1.0]
average [0.95823529411764707, 0.95833333333333337]

model (20, 'entropy')
fold 1 => [0.95816993464052291, 0.95833333333333337]
fold 2 => [0.91666666666666663, 0.91666666666666663]
fold 3 => [0.95816993464052291, 0.95833333333333337]
fold 4 => [1.0, 1.0]
fold 5 => [0.91666666666666663, 0.91666666666666663]
average [0.9499346405228758, 0.94999999999999996]

model (30, 'gini')
fold 1 => [0.95816993464052291, 0.95833333333333337]
fold 2 => [0.91666666666666663, 0.91666666666666663]
fold 3 => [0.95816993464052291, 0.95833333333333337]
fold 4 => [0.95816993464052291, 0.95833333333333337]
fold 5 => [1.0, 1.0]
average [0.95823529411764707, 0.95833333333333337]

model (30, 'entropy')
fold 1 => [0.95816993464052291, 0.95833333333333337]
fold 2 => [0.87450980392156863, 0.875]
fold 3 => [0.95816993464052291, 0.95833333333333337]
fold 4 => [0.95816993464052291, 0.95833333333333337]
fold 5 => [1.0, 1.0]
average [0.94980392156862758, 0.94999999999999996]

********************************************************************************
winner model (20, 'gini') score 0.958235294118 => [0.93265993265993263, 0.93333333333333335]
********************************************************************************

--------------------------------------------------------------------------------
SVM
--------------------------------------------------------------------------------

model ('rbf', 'auto', 0.5)
fold 1 => [0.76911976911976909, 0.79166666666666663]
fold 2 => [0.8306878306878307, 0.83333333333333337]
fold 3 => [0.91534391534391535, 0.91666666666666663]
fold 4 => [0.95816993464052291, 0.95833333333333337]
fold 5 => [0.91534391534391535, 0.91666666666666663]
average [0.87773307302719061, 0.88333333333333341]

model ('rbf', 1, 1)
fold 1 => [0.64126984126984121, 0.66666666666666663]
fold 2 => [0.91666666666666663, 0.91666666666666663]
fold 3 => [0.91534391534391535, 0.91666666666666663]
fold 4 => [0.87450980392156863, 0.875]
fold 5 => [0.66666666666666663, 0.66666666666666663]
average [0.80289137877373162, 0.80833333333333335]

model ('rbf', 0.1, 1)
fold 1 => [0.87044534412955465, 0.875]
fold 2 => [0.91666666666666663, 0.91666666666666663]
fold 3 => [0.91534391534391535, 0.91666666666666663]
fold 4 => [0.95816993464052291, 0.95833333333333337]
fold 5 => [1.0, 1.0]
average [0.93212517215613189, 0.93333333333333324]

model ('linear', 'auto', 1)
fold 1 => [0.95816993464052291, 0.95833333333333337]
fold 2 => [0.87450980392156863, 0.875]
fold 3 => [1.0, 1.0]
fold 4 => [1.0, 1.0]
fold 5 => [0.91534391534391535, 0.91666666666666663]
average [0.94960473078120133, 0.94999999999999996]

model ('rbf', 'auto', 3)
fold 1 => [0.76911976911976909, 0.79166666666666663]
fold 2 => [0.91666666666666663, 0.91666666666666663]
fold 3 => [0.95816993464052291, 0.95833333333333337]
fold 4 => [1.0, 1.0]
fold 5 => [0.91534391534391535, 0.91666666666666663]
average [0.91186005715417484, 0.91666666666666663]

model ('rbf', 1, 0.5)
fold 1 => [0.45394112060778724, 0.54166666666666663]
fold 2 => [0.8306878306878307, 0.83333333333333337]
fold 3 => [0.91534391534391535, 0.91666666666666663]
fold 4 => [0.91534391534391535, 0.91666666666666663]
fold 5 => [0.61737373737373724, 0.625]
average [0.74653810387143715, 0.76666666666666661]

model ('linear', 'auto', 0.5)
fold 1 => [0.95816993464052291, 0.95833333333333337]
fold 2 => [0.87450980392156863, 0.875]
fold 3 => [1.0, 1.0]
fold 4 => [1.0, 1.0]
fold 5 => [0.91534391534391535, 0.91666666666666663]
average [0.94960473078120133, 0.94999999999999996]

model ('rbf', 1, 3)
fold 1 => [0.57312169312169303, 0.625]
fold 2 => [0.87450980392156863, 0.875]
fold 3 => [0.87044534412955465, 0.875]
fold 4 => [0.87450980392156863, 0.875]
fold 5 => [0.71051653660349323, 0.70833333333333337]
average [0.78062063633957568, 0.79166666666666674]

model ('rbf', 0.1, 3)
fold 1 => [0.87044534412955465, 0.875]
fold 2 => [0.91666666666666663, 0.91666666666666663]
fold 3 => [1.0, 1.0]
fold 4 => [0.95816993464052291, 0.95833333333333337]
fold 5 => [0.91534391534391535, 0.91666666666666663]
average [0.93212517215613189, 0.93333333333333335]

model ('linear', 'auto', 3)
fold 1 => [0.95816993464052291, 0.95833333333333337]
fold 2 => [0.87450980392156863, 0.875]
fold 3 => [1.0, 1.0]
fold 4 => [0.95816993464052291, 0.95833333333333337]
fold 5 => [0.91534391534391535, 0.91666666666666663]
average [0.94123871770930589, 0.94166666666666676]

model ('rbf', 'auto', 1)
fold 1 => [0.8222222222222223, 0.83333333333333337]
fold 2 => [0.91666666666666663, 0.91666666666666663]
fold 3 => [1.0, 1.0]
fold 4 => [0.95816993464052291, 0.95833333333333337]
fold 5 => [0.87044534412955465, 0.875]
average [0.91350083353179323, 0.91666666666666674]

model ('rbf', 0.1, 0.5)
fold 1 => [0.95816993464052291, 0.95833333333333337]
fold 2 => [0.8306878306878307, 0.83333333333333337]
fold 3 => [1.0, 1.0]
fold 4 => [0.95816993464052291, 0.95833333333333337]
fold 5 => [0.91534391534391535, 0.91666666666666663]
average [0.9324743230625584, 0.93333333333333335]

********************************************************************************
winner model ('linear', 'auto', 1) score 0.949604730781 => [0.96658312447786132, 0.96666666666666667]
********************************************************************************

--------------------------------------------------------------------------------
kNN
--------------------------------------------------------------------------------

model 3
fold 1 => [0.8222222222222223, 0.83333333333333337]
fold 2 => [0.95816993464052291, 0.95833333333333337]
fold 3 => [0.87044534412955465, 0.875]
fold 4 => [0.74603174603174605, 0.75]
fold 5 => [0.8222222222222223, 0.83333333333333337]
average [0.84381829384925366, 0.84999999999999998]

model 5
fold 1 => [0.76911976911976909, 0.79166666666666663]
fold 2 => [0.95816993464052291, 0.95833333333333337]
fold 3 => [0.87044534412955465, 0.875]
fold 4 => [0.87450980392156863, 0.875]
fold 5 => [0.91534391534391535, 0.91666666666666663]
average [0.87751775343106608, 0.88333333333333341]

model 7
fold 1 => [0.87044534412955465, 0.875]
fold 2 => [0.91666666666666663, 0.91666666666666663]
fold 3 => [0.91534391534391535, 0.91666666666666663]
fold 4 => [0.95816993464052291, 0.95833333333333337]
fold 5 => [0.8222222222222223, 0.83333333333333337]
average [0.89656961660057632, 0.90000000000000002]

model 9
fold 1 => [0.87044534412955465, 0.875]
fold 2 => [0.8306878306878307, 0.83333333333333337]
fold 3 => [0.91534391534391535, 0.91666666666666663]
fold 4 => [0.91534391534391535, 0.91666666666666663]
fold 5 => [0.8222222222222223, 0.83333333333333337]
average [0.87080864554548776, 0.875]

model 11
fold 1 => [0.91666666666666663, 0.91666666666666663]
fold 2 => [0.8306878306878307, 0.83333333333333337]
fold 3 => [0.91534391534391535, 0.91666666666666663]
fold 4 => [0.91534391534391535, 0.91666666666666663]
fold 5 => [0.87044534412955465, 0.875]
average [0.88969753443437649, 0.89166666666666661]

********************************************************************************
winner model 7 score 0.896569616601 => [0.96658312447786132, 0.96666666666666667]
********************************************************************************

================================================================================
SET wine-white
================================================================================
--------------------------------------------------------------------------------
Gaussian NB
--------------------------------------------------------------------------------

model N/A
fold 1 => [0.31535638191380305, 0.42748091603053434]
fold 2 => [0.28548406398135623, 0.45918367346938777]
fold 3 => [0.25929679204298184, 0.45918367346938777]
fold 4 => [0.23659160886587496, 0.45721583652618136]
fold 5 => [0.27337553655533509, 0.43918053777208704]
average [0.27402087667187025, 0.44844892745351561]

********************************************************************************
winner model N/A score 0.274020876672 => [0.22541006692089452, 0.41224489795918368]
********************************************************************************

--------------------------------------------------------------------------------
Random Forest
--------------------------------------------------------------------------------

model (5, 'gini')
fold 1 => [0.36254929311941719, 0.5814249363867684]
fold 2 => [0.34341267949268373, 0.58290816326530615]
fold 3 => [0.3692228574633275, 0.60841836734693877]
fold 4 => [0.3579353620073028, 0.58492975734355046]
fold 5 => [0.34976127517198119, 0.53137003841229191]
average [0.35657629345094249, 0.57781025255097118]

model (5, 'entropy')
fold 1 => [0.37617812898711772, 0.6055979643765903]
fold 2 => [0.35578207732797107, 0.6071428571428571]
fold 3 => [0.34716665663214685, 0.59056122448979587]
fold 4 => [0.36727541258478358, 0.58620689655172409]
fold 5 => [0.36239969181145654, 0.53905249679897571]
average [0.3617603934686951, 0.58571228787198859]

model (10, 'gini')
fold 1 => [0.37191287404775281, 0.61068702290076338]
fold 2 => [0.39109387945415114, 0.64413265306122447]
fold 3 => [0.36511740943640819, 0.63647959183673475]
fold 4 => [0.37228663431447906, 0.6053639846743295]
fold 5 => [0.34642650547821535, 0.52368758002560822]
average [0.36936746054620129, 0.60407016649973211]

model (10, 'entropy')
fold 1 => [0.35554711548067025, 0.62086513994910941]
fold 2 => [0.34619617808420911, 0.61352040816326525]
fold 3 => [0.34207854558515732, 0.61862244897959184]
fold 4 => [0.38778867724223243, 0.61430395913154534]
fold 5 => [0.37910664165629165, 0.59795134443021769]
average [0.36214343160971213, 0.613052660130746]

model (20, 'gini')
fold 1 => [0.36258892755394612, 0.64376590330788808]
fold 2 => [0.38787021012978556, 0.66198979591836737]
fold 3 => [0.37509661463544075, 0.64923469387755106]
fold 4 => [0.39541469405447754, 0.62835249042145591]
fold 5 => [0.39592516635957392, 0.60691421254801536]
average [0.38337912254664486, 0.63805141921465558]

model (20, 'entropy')
fold 1 => [0.42084815049821422, 0.66412213740458015]
fold 2 => [0.37135932281009171, 0.64668367346938771]
fold 3 => [0.36593476842443479, 0.6428571428571429]
fold 4 => [0.39837403498528684, 0.63729246487867175]
fold 5 => [0.3990327209788907, 0.60563380281690138]
average [0.39110979953938363, 0.63931784428533678]

model (30, 'gini')
fold 1 => [0.41062698117775731, 0.65139949109414763]
fold 2 => [0.39748282060351542, 0.67474489795918369]
fold 3 => [0.37548404061649787, 0.6517857142857143]
fold 4 => [0.38997068840152915, 0.63218390804597702]
fold 5 => [0.38381287404102732, 0.61075544174135721]
average [0.39147548096806545, 0.64417389062527586]

model (30, 'entropy')
fold 1 => [0.3781634201359278, 0.65776081424936383]
fold 2 => [0.39581696190050114, 0.66326530612244894]
fold 3 => [0.3940727522833426, 0.65816326530612246]
fold 4 => [0.40400093062141551, 0.64240102171136659]
fold 5 => [0.4115476417099449, 0.63508322663252237]
average [0.39672034133022638, 0.65133472680436477]

********************************************************************************
winner model (30, 'entropy') score 0.39672034133 => [0.38738128011645001, 0.65918367346938778]
********************************************************************************

--------------------------------------------------------------------------------
SVM
--------------------------------------------------------------------------------

model ('rbf', 'auto', 0.5)
fold 1 => [0.2039986256032463, 0.53816793893129766]
fold 2 => [0.2152746070027125, 0.55867346938775508]
fold 3 => [0.21120335764281992, 0.55867346938775508]
fold 4 => [0.22158519654698744, 0.56449553001277142]
fold 5 => [0.22294208933252543, 0.54417413572343154]
average [0.21500077522565833, 0.55283690868860214]

model ('rbf', 1, 1)
fold 1 => [0.1462152207415123, 0.49745547073791346]
fold 2 => [0.23763010446556335, 0.56377551020408168]
fold 3 => [0.26573491516644349, 0.59693877551020413]
fold 4 => [0.23489159674402899, 0.54789272030651337]
fold 5 => [0.16715006982490063, 0.49807938540332908]
average [0.21032438138848977, 0.54082837243240833]

model ('rbf', 0.1, 1)
fold 1 => [0.22725149369945358, 0.54834605597964381]
fold 2 => [0.23773154982027014, 0.56377551020408168]
fold 3 => [0.24170514047457051, 0.57653061224489799]
fold 4 => [0.2260294403218174, 0.56194125159642405]
fold 5 => [0.25247897749706477, 0.55569782330345707]
average [0.23703932036263525, 0.5612582506657009]

model ('linear', 'auto', 1)
fold 1 => [0.17127005588006103, 0.52798982188295163]
fold 2 => [0.16836601901236506, 0.52423469387755106]
fold 3 => [0.16820511707439165, 0.52168367346938771]
fold 4 => [0.16265804495407851, 0.50957854406130265]
fold 5 => [0.19379723183621089, 0.52240717029449424]
average [0.17285929375142145, 0.52117878071713741]

model ('rbf', 'auto', 3)
fold 1 => [0.26137491343445429, 0.55597964376590325]
fold 2 => [0.25686911119829753, 0.56122448979591832]
fold 3 => [0.27839318542596475, 0.5803571428571429]
fold 4 => [0.25598189436424773, 0.56066411238825031]
fold 5 => [0.26596808095219709, 0.54545454545454541]
average [0.26371743707503226, 0.56073598685235204]

model ('rbf', 1, 0.5)
fold 1 => [0.094742889640724456, 0.45419847328244273]
fold 2 => [0.12022360748747821, 0.47193877551020408]
fold 3 => [0.16875041502405239, 0.49489795918367346]
fold 4 => [0.13162670758159961, 0.48275862068965519]
fold 5 => [0.11490767792880641, 0.45838668373879643]
average [0.12605025953253218, 0.47243610248095436]

model ('linear', 'auto', 0.5)
fold 1 => [0.17127005588006103, 0.52798982188295163]
fold 2 => [0.16836601901236506, 0.52423469387755106]
fold 3 => [0.16781448912414507, 0.52040816326530615]
fold 4 => [0.1625825639910147, 0.50957854406130265]
fold 5 => [0.19425122630407676, 0.52368758002560822]
average [0.17285687086233253, 0.5211797606225439]

model ('rbf', 1, 3)
fold 1 => [0.1806775784649117, 0.52544529262086515]
fold 2 => [0.30109070082219958, 0.59566326530612246]
fold 3 => [0.31075058594866523, 0.60841836734693877]
fold 4 => [0.29636049048742391, 0.57598978288633462]
fold 5 => [0.22049625647110038, 0.52240717029449424]
average [0.26187512243886013, 0.56558477569095111]

model ('rbf', 0.1, 3)
fold 1 => [0.25960455205245164, 0.54961832061068705]
fold 2 => [0.28183176405018595, 0.56760204081632648]
fold 3 => [0.26920558450621906, 0.57780612244897955]
fold 4 => [0.26525663262682159, 0.56577266922094505]
fold 5 => [0.27173853724294356, 0.54801536491677338]
average [0.26952741409572434, 0.56176290360274239]

model ('linear', 'auto', 3)
fold 1 => [0.17127005588006103, 0.52798982188295163]
fold 2 => [0.16852656565066695, 0.52423469387755106]
fold 3 => [0.16820511707439165, 0.52168367346938771]
fold 4 => [0.16265804495407851, 0.50957854406130265]
fold 5 => [0.19379723183621089, 0.52240717029449424]
average [0.17289140307908182, 0.52117878071713741]

model ('rbf', 'auto', 1)
fold 1 => [0.23845123556702141, 0.55216284987277353]
fold 2 => [0.22816731407232052, 0.56760204081632648]
fold 3 => [0.21649015712588066, 0.55867346938775508]
fold 4 => [0.22833802490203942, 0.56449553001277142]
fold 5 => [0.24565926830984144, 0.5467349551856594]
average [0.23142119999542071, 0.5579337690550572]

model ('rbf', 0.1, 0.5)
fold 1 => [0.2054889720730009, 0.54071246819338425]
fold 2 => [0.21506954600021827, 0.55867346938775508]
fold 3 => [0.21350041771094405, 0.55867346938775508]
fold 4 => [0.21879073613472294, 0.55938697318007657]
fold 5 => [0.22035247098362473, 0.54417413572343154]
average [0.2146404285805022, 0.55232410317448044]

********************************************************************************
winner model ('rbf', 0.1, 3) score 0.269527414096 => [0.27382188906748622, 0.57653061224489799]
********************************************************************************

--------------------------------------------------------------------------------
kNN
--------------------------------------------------------------------------------

model 3
fold 1 => [0.33535233296873812, 0.51399491094147587]
fold 2 => [0.30083568244355036, 0.51658163265306123]
fold 3 => [0.30381873152974509, 0.53188775510204078]
fold 4 => [0.29184009892847912, 0.51724137931034486]
fold 5 => [0.27256396999154442, 0.48655569782330343]
average [0.3008821631724114, 0.51325227516604532]

model 5
fold 1 => [0.3070803721997506, 0.52544529262086515]
fold 2 => [0.27379343952801799, 0.5267857142857143]
fold 3 => [0.28702002760295453, 0.53061224489795922]
fold 4 => [0.26383527297640574, 0.53639846743295017]
fold 5 => [0.28469725500504789, 0.52240717029449424]
average [0.28328527346243537, 0.52832977790639668]

model 7
fold 1 => [0.30314332990278808, 0.54071246819338425]
fold 2 => [0.25192976207522672, 0.52551020408163263]
fold 3 => [0.27193241734268325, 0.52295918367346939]
fold 4 => [0.24023792034524358, 0.52745849297573433]
fold 5 => [0.26431794135625714, 0.51984635083226638]
average [0.26631227420443976, 0.52729733995129746]

model 9
fold 1 => [0.29962261182859556, 0.52544529262086515]
fold 2 => [0.25358115684390142, 0.52168367346938771]
fold 3 => [0.24351060072122693, 0.52168367346938771]
fold 4 => [0.23680799294500465, 0.54278416347381864]
fold 5 => [0.28218041379179265, 0.5326504481434059]
average [0.26314055522610424, 0.528849450235373]

model 11
fold 1 => [0.23775542737394478, 0.52926208651399487]
fold 2 => [0.23349076507624364, 0.51658163265306123]
fold 3 => [0.23802757607648001, 0.52040816326530615]
fold 4 => [0.23026716257489174, 0.54661558109833974]
fold 5 => [0.24983584945110174, 0.53393085787451988]
average [0.23787535611053237, 0.52935966428104442]

********************************************************************************
winner model 3 score 0.300882163172 => [0.27844121509314157, 0.53061224489795922]
********************************************************************************

================================================================================
SET skin
================================================================================
--------------------------------------------------------------------------------
Gaussian NB
--------------------------------------------------------------------------------

model N/A
fold 1 => [0.87550404615763422, 0.92333588370313691]
fold 2 => [0.87830417638068647, 0.92453455751083902]
fold 3 => [0.8783094134894317, 0.9250427197837231]
fold 4 => [0.87726530065350872, 0.92430116302795351]
fold 5 => [0.87754849567363513, 0.92435217302591299]
average [0.87738628647097927, 0.92431329941031315]

********************************************************************************
winner model N/A score 0.877386286471 => [0.87471481568226528, 0.92242716069533992]
********************************************************************************

--------------------------------------------------------------------------------
Random Forest
--------------------------------------------------------------------------------

model (5, 'gini')
fold 1 => [0.99833419872277618, 0.99890334098444278]
fold 2 => [0.99907012410487495, 0.99938791124713089]
fold 3 => [0.99883690950872595, 0.99923486954525742]
fold 4 => [0.9989926209759229, 0.99933687002652516]
fold 5 => [0.99883785014655035, 0.99923485003060597]
average [0.99881434069177, 0.99921956836679249]

model (5, 'entropy')
fold 1 => [0.99848888321514784, 0.99900535577658756]
fold 2 => [0.99895384222587169, 0.99931140015302222]
fold 3 => [0.99922474697654473, 0.99948991303017165]
fold 4 => [0.99945746682726799, 0.99964293001428284]
fold 5 => [0.99887643583000718, 0.99926035502958577]
average [0.9990002750149678, 0.99934199080073005]

model (10, 'gini')
fold 1 => [0.99872205729202845, 0.99915837796480489]
fold 2 => [0.99914784534876666, 0.99943891864320322]
fold 3 => [0.99910882260482514, 0.99941339998469736]
fold 4 => [0.99895420719243955, 0.99931136502754536]
fold 5 => [0.99895392301414465, 0.99931136502754536]
average [0.99897737109044082, 0.99932668532955926]

model (10, 'entropy')
fold 1 => [0.99879929098987907, 0.99920938536087733]
fold 2 => [0.99891534131257276, 0.999285896454986]
fold 3 => [0.99926367653373416, 0.99951541737866301]
fold 4 => [0.99895420719243955, 0.99931136502754536]
fold 5 => [0.99891522855579329, 0.99928586002856556]
average [0.99896954891688383, 0.99932158485012734]

model (20, 'gini')
fold 1 => [0.9988382864750196, 0.99923488905891356]
fold 2 => [0.99891543953479389, 0.999285896454986]
fold 3 => [0.99934112454427115, 0.99956642607564594]
fold 4 => [0.99914767957955186, 0.99943889002244435]
fold 5 => [0.99949619636628506, 0.99966843501326264]
average [0.9991477452999844, 0.99943890732505047]

model (20, 'entropy')
fold 1 => [0.99879961700918096, 0.99920938536087733]
fold 2 => [0.999186542820234, 0.99946442234123944]
fold 3 => [0.99914714433402074, 0.99943890433318883]
fold 4 => [0.99930258375256198, 0.99954091001836365]
fold 5 => [0.9991863108511404, 0.99946439502142415]
average [0.99912443975342757, 0.99942360341501879]

model (30, 'gini')
fold 1 => [0.99887695943844923, 0.99926039275694978]
fold 2 => [0.99907029255363378, 0.99938791124713089]
fold 3 => [0.99918587358086164, 0.99946440868168018]
fold 4 => [0.99926393842769334, 0.99951540501938385]
fold 5 => [0.99934135893483178, 0.99956641501734345]
average [0.99914768458709402, 0.99943890654449774]

model (30, 'entropy')
fold 1 => [0.99868327216449682, 0.99913287426676867]
fold 2 => [0.99918639544735033, 0.99946442234123944]
fold 3 => [0.99937985381353367, 0.9995919304241373]
fold 4 => [0.99910897809668153, 0.99941338502346455]
fold 5 => [0.9991863108511404, 0.99946439502142415]
average [0.99910896207464062, 0.99941340141540691]

********************************************************************************
winner model (20, 'gini') score 0.9991477453 => [0.99947289697027497, 0.99965314616828527]
********************************************************************************

--------------------------------------------------------------------------------
SVM
--------------------------------------------------------------------------------

model ('rbf', 'auto', 0.5)
fold 1 => [0.97993371666918594, 0.98689109920938534]
fold 2 => [0.99231620431263301, 0.994899260392757]
fold 3 => [0.99326853137091187, 0.99553673901400186]
fold 4 => [0.9918967339012269, 0.99461844521526221]
fold 5 => [0.98385988709354533, 0.98941542542338312]
average [0.98825501466950061, 0.99227219385095788]

model ('rbf', 1, 1)
fold 1 => [0.85538423217646364, 0.91925529201734246]
fold 2 => [0.9972949602220289, 0.99821474113746489]
fold 3 => [0.9982585996732396, 0.99885230431788619]
fold 4 => [0.99760299496652771, 0.99841869006325235]
fold 5 => [0.85737570000929919, 0.9201948581922057]
average [0.94118329740951157, 0.96698717714563043]

model ('rbf', 0.1, 1)
fold 1 => [0.99007374249939173, 0.99342004590665645]
fold 2 => [0.99140333568240546, 0.99428717163988778]
fold 3 => [0.9920870467241435, 0.99474610421076792]
fold 4 => [0.99068106759853092, 0.99380228524790859]
fold 5 => [0.99065281170861763, 0.99380228524790859]
average [0.99097960084261794, 0.99401157845062582]

model ('linear', 'auto', 1)
fold 1 => [0.89890119552474967, 0.92825809742412646]
fold 2 => [0.89968915278118411, 0.92856414180056124]
fold 3 => [0.90177900484562645, 0.930347624269938]
fold 4 => [0.89976998375526729, 0.92886655784533756]
fold 5 => [0.90236315088350405, 0.93077943276882269]
average [0.90050049755806627, 0.92936317082175712]

model ('rbf', 'auto', 3)
fold 1 => [0.94146331440790521, 0.96388676358071923]
fold 2 => [0.99702512651764952, 0.99803621525121144]
fold 3 => [0.99822030397556294, 0.99882679996939483]
fold 4 => [0.99714060582094544, 0.99811263007549478]
fold 5 => [0.95378970280637265, 0.97110283615588666]
average [0.97752781070568706, 0.98599304900654139]

model ('rbf', 1, 0.5)
fold 1 => [0.86305572798288155, 0.92282580974241268]
fold 2 => [0.99706389349879121, 0.99806171894924767]
fold 3 => [0.99810432247118397, 0.99875028692392054]
fold 4 => [0.99737173795042522, 0.99826566006937356]
fold 5 => [0.86803898837861215, 0.92524484799020612]
average [0.94472693405637886, 0.96862966473503209]

model ('linear', 'auto', 0.5)
fold 1 => [0.89890119552474967, 0.92825809742412646]
fold 2 => [0.89968915278118411, 0.92856414180056124]
fold 3 => [0.90177900484562645, 0.930347624269938]
fold 4 => [0.89976998375526729, 0.92886655784533756]
fold 5 => [0.90235557019490042, 0.93077943276882269]
average [0.90049898142034546, 0.92936317082175712]

model ('rbf', 1, 3)
fold 1 => [0.84650390463575365, 0.91520020402958424]
fold 2 => [0.99795014247744263, 0.99864830400408056]
fold 3 => [0.99868350166857889, 0.99913285215129177]
fold 4 => [0.99783437701993238, 0.99857172005713124]
fold 5 => [0.85235972410523209, 0.91787390328504392]
average [0.93866632998138788, 0.96588539670542628]

model ('rbf', 0.1, 3)
fold 1 => [0.99187220397235965, 0.99461871971435856]
fold 2 => [0.99250662984572058, 0.995026778882938]
fold 3 => [0.99319220830346655, 0.99548573031701904]
fold 4 => [0.99204893445411035, 0.9947204652111814]
fold 5 => [0.99217745820116288, 0.99482248520710059]
average [0.99235948695536413, 0.99493483586651954]

model ('linear', 'auto', 3)
fold 1 => [0.89890119552474967, 0.92825809742412646]
fold 2 => [0.89968915278118411, 0.92856414180056124]
fold 3 => [0.90177900484562645, 0.930347624269938]
fold 4 => [0.89976998375526729, 0.92886655784533756]
fold 5 => [0.90236315088350405, 0.93077943276882269]
average [0.90050049755806627, 0.92936317082175712]

model ('rbf', 'auto', 1)
fold 1 => [0.97532526670530495, 0.984009181331293]
fold 2 => [0.99326917807595216, 0.99553685284366233]
fold 3 => [0.99495108469774363, 0.99665893034762432]
fold 4 => [0.99277262498561258, 0.99520506019179755]
fold 5 => [0.97983779375810187, 0.98686492552540295]
average [0.98723118964454315, 0.9916549900479561]

model ('rbf', 0.1, 0.5)
fold 1 => [0.98819432353709846, 0.99217036470288189]
fold 2 => [0.98965907487694826, 0.99311400153022189]
fold 3 => [0.99022614478378324, 0.99349639113468846]
fold 4 => [0.98856189185352883, 0.99237400530503983]
fold 5 => [0.98893222529970137, 0.9926545602938176]
average [0.98911473207021205, 0.99276186459333005]

********************************************************************************
winner model ('rbf', 0.1, 3) score 0.992359486955 => [0.99197237136115934, 0.99467477352485101]
********************************************************************************

--------------------------------------------------------------------------------
kNN
--------------------------------------------------------------------------------

model 3
fold 1 => [0.99402345289893956, 0.99604692680438667]
fold 2 => [0.9974488439917224, 0.99831675592960978]
fold 3 => [0.99721085900691175, 0.9981636869086179]
fold 4 => [0.99679182962842638, 0.9978830850846766]
fold 5 => [0.99652110418917927, 0.99770455009181802]
average [0.99639921794303599, 0.99762300096382184]

model 5
fold 1 => [0.99467727302745912, 0.99648048967100233]
fold 2 => [0.99675599841465823, 0.99785768936495789]
fold 3 => [0.99705750526833703, 0.99806166951465225]
fold 4 => [0.99652110418917927, 0.99770455009181802]
fold 5 => [0.99505045134665648, 0.99673536013058561]
average [0.99601246644925823, 0.99736795175460335]

model 7
fold 1 => [0.99471797753563695, 0.99650599336903856]
fold 2 => [0.9962932369425781, 0.99755164498852333]
fold 3 => [0.99682663821624673, 0.99790864342370378]
fold 4 => [0.99601985308427166, 0.99737298510508055]
fold 5 => [0.99462485696525749, 0.99645480514180784]
average [0.9956965125487981, 0.99715881440563092]

model 9
fold 1 => [0.99337835201464286, 0.995613363937771]
fold 2 => [0.99606191862609283, 0.997398622800306]
fold 3 => [0.9967112827015232, 0.99783213037822949]
fold 4 => [0.99552053127194373, 0.99704142011834318]
fold 5 => [0.99451601881477514, 0.99637829014486834]
average [0.99523762068579558, 0.99685276547590362]

model 11
fold 1 => [0.99257686496376429, 0.99507778627901045]
fold 2 => [0.99594700427000316, 0.99732211170619745]
fold 3 => [0.996249364561685, 0.99752607819633243]
fold 4 => [0.99490588198609275, 0.99663334013466642]
fold 5 => [0.99428430129990653, 0.99622526015098956]
average [0.99479268341629035, 0.99655691529343926]

********************************************************************************
winner model 3 score 0.996399217943 => [0.99804873983806586, 0.99871460050599858]
********************************************************************************

================================================================================
SET wine
================================================================================
--------------------------------------------------------------------------------
Gaussian NB
--------------------------------------------------------------------------------

model N/A
fold 1 => [0.90194084244427497, 0.90000000000000002]
fold 2 => [1.0, 1.0]
fold 3 => [0.9658994032395567, 0.9642857142857143]
fold 4 => [1.0, 1.0]
fold 5 => [0.95986622073578598, 0.96296296296296291]
average [0.96554129328392357, 0.96544973544973556]

********************************************************************************
winner model N/A score 0.965541293284 => [0.97432098765432107, 0.97222222222222221]
********************************************************************************

--------------------------------------------------------------------------------
Random Forest
--------------------------------------------------------------------------------

model (5, 'gini')
fold 1 => [0.9658994032395567, 0.96666666666666667]
fold 2 => [0.93888888888888877, 0.93333333333333335]
fold 3 => [0.9262479871175523, 0.9285714285714286]
fold 4 => [0.92207792207792216, 0.92592592592592593]
fold 5 => [1.0, 1.0]
average [0.95062284026478383, 0.95089947089947091]

model (5, 'entropy')
fold 1 => [0.96912280701754394, 0.96666666666666667]
fold 2 => [0.93939393939393945, 0.93333333333333335]
fold 3 => [1.0, 1.0]
fold 4 => [0.96190476190476193, 0.96296296296296291]
fold 5 => [1.0, 1.0]
average [0.97408430166324911, 0.97259259259259245]

model (10, 'gini')
fold 1 => [0.9658994032395567, 0.96666666666666667]
fold 2 => [0.96963423050379571, 0.96666666666666667]
fold 3 => [1.0, 1.0]
fold 4 => [1.0, 1.0]
fold 5 => [1.0, 1.0]
average [0.9871067267486705, 0.98666666666666669]

model (10, 'entropy')
fold 1 => [0.9658994032395567, 0.96666666666666667]
fold 2 => [0.96963423050379571, 0.96666666666666667]
fold 3 => [0.92857142857142849, 0.9285714285714286]
fold 4 => [0.96658312447786132, 0.96296296296296291]
fold 5 => [1.0, 1.0]
average [0.96613763735852842, 0.96497354497354482]

model (20, 'gini')
fold 1 => [0.9658994032395567, 0.96666666666666667]
fold 2 => [0.96963423050379571, 0.96666666666666667]
fold 3 => [0.9658994032395567, 0.9642857142857143]
fold 4 => [1.0, 1.0]
fold 5 => [1.0, 1.0]
average [0.9802866073965818, 0.97952380952380946]

model (20, 'entropy')
fold 1 => [0.9658994032395567, 0.96666666666666667]
fold 2 => [0.96963423050379571, 0.96666666666666667]
fold 3 => [1.0, 1.0]
fold 4 => [1.0, 1.0]
fold 5 => [1.0, 1.0]
average [0.9871067267486705, 0.98666666666666669]

model (30, 'gini')
fold 1 => [0.9658994032395567, 0.96666666666666667]
fold 2 => [0.96963423050379571, 0.96666666666666667]
fold 3 => [1.0, 1.0]
fold 4 => [1.0, 1.0]
fold 5 => [1.0, 1.0]
average [0.9871067267486705, 0.98666666666666669]

model (30, 'entropy')
fold 1 => [0.9658994032395567, 0.96666666666666667]
fold 2 => [0.96963423050379571, 0.96666666666666667]
fold 3 => [1.0, 1.0]
fold 4 => [0.96190476190476193, 0.96296296296296291]
fold 5 => [1.0, 1.0]
average [0.97948767912962287, 0.97925925925925927]

********************************************************************************
winner model (10, 'gini') score 0.987106726749 => [1.0, 1.0]
********************************************************************************

--------------------------------------------------------------------------------
SVM
--------------------------------------------------------------------------------

model ('rbf', 'auto', 0.5)
fold 1 => [0.96912280701754394, 0.96666666666666667]
fold 2 => [1.0, 1.0]
fold 3 => [1.0, 1.0]
fold 4 => [0.95986622073578598, 0.96296296296296291]
fold 5 => [0.95986622073578598, 0.96296296296296291]
average [0.97777104969782314, 0.97851851851851845]

model ('rbf', 1, 1)
fold 1 => [0.19047619047619049, 0.40000000000000008]
fold 2 => [0.25572801182557275, 0.43333333333333335]
fold 3 => [0.31941031941031933, 0.4642857142857143]
fold 4 => [0.32491582491582488, 0.48148148148148145]
fold 5 => [0.26486486486486482, 0.44444444444444442]
average [0.27107904229855445, 0.44470899470899478]

model ('rbf', 0.1, 1)
fold 1 => [1.0, 1.0]
fold 2 => [1.0, 1.0]
fold 3 => [1.0, 1.0]
fold 4 => [0.95986622073578598, 0.96296296296296291]
fold 5 => [0.95986622073578598, 0.96296296296296291]
average [0.98394648829431441, 0.98518518518518516]

model ('linear', 'auto', 1)
fold 1 => [1.0, 1.0]
fold 2 => [0.96963423050379571, 0.96666666666666667]
fold 3 => [1.0, 1.0]
fold 4 => [0.96190476190476193, 0.96296296296296291]
fold 5 => [1.0, 1.0]
average [0.98630779848171157, 0.98592592592592587]

model ('rbf', 'auto', 3)
fold 1 => [1.0, 1.0]
fold 2 => [1.0, 1.0]
fold 3 => [1.0, 1.0]
fold 4 => [0.95986622073578598, 0.96296296296296291]
fold 5 => [0.95986622073578598, 0.96296296296296291]
average [0.98394648829431441, 0.98518518518518516]

model ('rbf', 1, 0.5)
fold 1 => [0.19047619047619049, 0.40000000000000008]
fold 2 => [0.19047619047619049, 0.40000000000000008]
fold 3 => [0.18803418803418803, 0.39285714285714285]
fold 4 => [0.19298245614035084, 0.40740740740740738]
fold 5 => [0.19298245614035084, 0.40740740740740738]
average [0.19099029625345412, 0.40153439153439158]

model ('linear', 'auto', 0.5)
fold 1 => [1.0, 1.0]
fold 2 => [1.0, 1.0]
fold 3 => [1.0, 1.0]
fold 4 => [0.92207792207792216, 0.92592592592592593]
fold 5 => [1.0, 1.0]
average [0.98441558441558441, 0.98518518518518516]

model ('rbf', 1, 3)
fold 1 => [0.19047619047619049, 0.40000000000000008]
fold 2 => [0.31111111111111112, 0.46666666666666667]
fold 3 => [0.45026455026455031, 0.5357142857142857]
fold 4 => [0.32491582491582488, 0.48148148148148145]
fold 5 => [0.32491582491582488, 0.48148148148148145]
average [0.32033670033670031, 0.47306878306878303]

model ('rbf', 0.1, 3)
fold 1 => [1.0, 1.0]
fold 2 => [1.0, 1.0]
fold 3 => [1.0, 1.0]
fold 4 => [0.95986622073578598, 0.96296296296296291]
fold 5 => [0.95986622073578598, 0.96296296296296291]
average [0.98394648829431441, 0.98518518518518516]

model ('linear', 'auto', 3)
fold 1 => [1.0, 1.0]
fold 2 => [0.96963423050379571, 0.96666666666666667]
fold 3 => [1.0, 1.0]
fold 4 => [0.96190476190476193, 0.96296296296296291]
fold 5 => [1.0, 1.0]
average [0.98630779848171157, 0.98592592592592587]

model ('rbf', 'auto', 1)
fold 1 => [0.96912280701754394, 0.96666666666666667]
fold 2 => [1.0, 1.0]
fold 3 => [1.0, 1.0]
fold 4 => [0.95986622073578598, 0.96296296296296291]
fold 5 => [0.95986622073578598, 0.96296296296296291]
average [0.97777104969782314, 0.97851851851851845]

model ('rbf', 0.1, 0.5)
fold 1 => [0.96912280701754394, 0.96666666666666667]
fold 2 => [1.0, 1.0]
fold 3 => [1.0, 1.0]
fold 4 => [0.95986622073578598, 0.96296296296296291]
fold 5 => [0.95986622073578598, 0.96296296296296291]
average [0.97777104969782314, 0.97851851851851845]

********************************************************************************
winner model ('linear', 'auto', 1) score 0.986307798482 => [0.97178130511463845, 0.97222222222222221]
********************************************************************************

--------------------------------------------------------------------------------
kNN
--------------------------------------------------------------------------------

model 3
fold 1 => [0.9658994032395567, 0.96666666666666667]
fold 2 => [0.96963423050379571, 0.96666666666666667]
fold 3 => [0.93333333333333324, 0.9285714285714286]
fold 4 => [0.92690058479532167, 0.92592592592592593]
fold 5 => [0.96658312447786132, 0.96296296296296291]
average [0.95247013526997359, 0.9501587301587302]

model 5
fold 1 => [0.9658994032395567, 0.96666666666666667]
fold 2 => [0.96963423050379571, 0.96666666666666667]
fold 3 => [0.93333333333333324, 0.9285714285714286]
fold 4 => [1.0, 1.0]
fold 5 => [0.96658312447786132, 0.96296296296296291]
average [0.96709001831090935, 0.96497354497354504]

model 7
fold 1 => [0.9658994032395567, 0.96666666666666667]
fold 2 => [0.96963423050379571, 0.96666666666666667]
fold 3 => [0.89442724458204337, 0.8928571428571429]
fold 4 => [1.0, 1.0]
fold 5 => [0.96658312447786132, 0.96296296296296291]
average [0.95930880056065138, 0.95783068783068792]

model 9
fold 1 => [0.9658994032395567, 0.96666666666666667]
fold 2 => [0.96963423050379571, 0.96666666666666667]
fold 3 => [0.86109391124871004, 0.8571428571428571]
fold 4 => [1.0, 1.0]
fold 5 => [0.96658312447786132, 0.96296296296296291]
average [0.95264213389398478, 0.95068783068783058]

model 11
fold 1 => [0.9658994032395567, 0.96666666666666667]
fold 2 => [0.93939393939393945, 0.93333333333333335]
fold 3 => [0.92951496388028898, 0.9285714285714286]
fold 4 => [1.0, 1.0]
fold 5 => [0.96658312447786132, 0.96296296296296291]
average [0.96027828619832933, 0.95830687830687822]

********************************************************************************
winner model 5 score 0.967090018311 => [0.9451526251526251, 0.94444444444444442]
********************************************************************************

================================================================================
SET covertype
================================================================================
--------------------------------------------------------------------------------
Gaussian NB
--------------------------------------------------------------------------------

model N/A
fold 1 => [0.44334800513589817, 0.63143797599070606]
fold 2 => [0.45218757973298018, 0.63191127748375719]
fold 3 => [0.45002978631788426, 0.62935791659047147]
fold 4 => [0.4508878476021595, 0.6298300344234079]
fold 5 => [0.44709821009051348, 0.62880010327244562]
average [0.44871028577588712, 0.63026746155215763]

********************************************************************************
winner model N/A score 0.448710285776 => [0.44598677501946732, 0.62999234098947532]
********************************************************************************

--------------------------------------------------------------------------------
Random Forest
--------------------------------------------------------------------------------

model (5, 'gini')
fold 1 => [0.83139810021767935, 0.89327051331698293]
fold 2 => [0.85140140747396365, 0.90517834860806334]
fold 3 => [0.85601782277483929, 0.90968449813366603]
fold 4 => [0.84766455996358192, 0.90449655765920822]
fold 5 => [0.82954107464950155, 0.89270423201876115]
average [0.84320459301591322, 0.90106682994733622]

model (5, 'entropy')
fold 1 => [0.84792398505055588, 0.90456520803751994]
fold 2 => [0.86972558010036327, 0.91835549244868986]
fold 3 => [0.87005538522680204, 0.91847294084743392]
fold 4 => [0.87115134800119887, 0.91688898450946643]
fold 5 => [0.85015077167475439, 0.90947524688569026]
average [0.86180141401073485, 0.91355157454576008]

model (10, 'gini')
fold 1 => [0.86980056587330523, 0.9174626737231617]
fold 2 => [0.87315641328596871, 0.9226474764424939]
fold 3 => [0.87034373782612373, 0.92111915493260754]
fold 4 => [0.87571023190532904, 0.92281626506024095]
fold 5 => [0.86038431519738257, 0.91751113406054352]
average [0.86987905281762179, 0.92031134084380961]

model (10, 'entropy')
fold 1 => [0.87469165904708357, 0.92261520588614943]
fold 2 => [0.88623232083237391, 0.93026332773977027]
fold 3 => [0.88537984353769084, 0.92960640254725002]
fold 4 => [0.88688746275040931, 0.93158347676419961]
fold 5 => [0.87059463439515439, 0.92435293358290838]
average [0.88075718411254245, 0.92768426930405545]

model (20, 'gini')
fold 1 => [0.88870533431185628, 0.93275891743040318]
fold 2 => [0.88784066758282498, 0.93159717740200509]
fold 3 => [0.88447539689187471, 0.93059604358723358]
fold 4 => [0.89170161010297455, 0.9340684165232358]
fold 5 => [0.87549991461142906, 0.92854837668624535]
average [0.88564458470019203, 0.93151378632582449]

model (20, 'entropy')
fold 1 => [0.89531978640654197, 0.93783615162858736]
fold 2 => [0.8988216598238965, 0.93782539477647264]
fold 3 => [0.89615225754385797, 0.93869604036014331]
fold 4 => [0.8996840272893557, 0.93873709122203097]
fold 5 => [0.88460172934453152, 0.93522881301232819]
average [0.8949158920816368, 0.93766469819991249]

model (30, 'gini')
fold 1 => [0.894595789297979, 0.93641624714943417]
fold 2 => [0.89569742923466944, 0.93491028785336261]
fold 3 => [0.89458027768913262, 0.93566257543323683]
fold 4 => [0.89193454772957159, 0.93424053356282277]
fold 5 => [0.88389322764032296, 0.93527184319800338]
average [0.8921402543183351, 0.93530029743937193]

model (30, 'entropy')
fold 1 => [0.90126656250088344, 0.94150423819973328]
fold 2 => [0.90648994383755732, 0.94173013209414402]
fold 3 => [0.89956503355759965, 0.94134225444531694]
fold 4 => [0.90478749743528453, 0.94272805507745272]
fold 5 => [0.8938030422121237, 0.93927365046580169]
average [0.90118241590868975, 0.94131566605648975]

********************************************************************************
winner model (30, 'entropy') score 0.901182415909 => [0.9101924401800785, 0.94791012280233733]
********************************************************************************

--------------------------------------------------------------------------------
SVM
--------------------------------------------------------------------------------

model ('rbf', 'auto', 0.5)
fold 1 => [0.55227460556462871, 0.75228045264833687]
fold 2 => [0.58463148694759126, 0.75736844369863587]
fold 3 => [0.59552451726983413, 0.75843077353355637]
fold 4 => [0.58630881595834727, 0.75675559380378654]
fold 5 => [0.54858181617661916, 0.75019901460874805]
average [0.57346424838340415, 0.75500685565861281]

model ('rbf', 1, 1)
