================================================================================
SET iris
================================================================================
--------------------------------------------------------------------------------
kNN
--------------------------------------------------------------------------------
model 3 average [0.84381829384925366, 0.84999999999999998]
model 5 average [0.87751775343106608, 0.88333333333333341]
model 7 average [0.89656961660057632, 0.90000000000000002]
model 9 average [0.87080864554548776, 0.875]
model 11 average [0.88969753443437649, 0.89166666666666661]

********************************************************************************
winner model 7 score 0.896569616601 => [0.96658312447786132, 0.96666666666666667]
********************************************************************************

--------------------------------------------------------------------------------
Gaussian NB
--------------------------------------------------------------------------------
model N/A average [0.95777155306567074, 0.95833333333333337]

********************************************************************************
winner model N/A score 0.957771553066 => [0.93265993265993263, 0.93333333333333335]
********************************************************************************

--------------------------------------------------------------------------------
Random Forest
--------------------------------------------------------------------------------
model (5, 'gini') average [0.96572305575401551, 0.96666666666666656]
model (5, 'entropy') average [0.95823529411764707, 0.95833333333333337]
model (10, 'gini') average [0.94156862745098047, 0.94166666666666676]
model (10, 'entropy') average [0.93280423280423275, 0.93333333333333324]
model (20, 'gini') average [0.96653594771241846, 0.96666666666666679]
model (20, 'entropy') average [0.94980392156862758, 0.94999999999999996]
model (30, 'gini') average [0.95823529411764707, 0.95833333333333337]
model (30, 'entropy') average [0.95823529411764707, 0.95833333333333337]

********************************************************************************
winner model (20, 'gini') score 0.966535947712 => [0.93265993265993263, 0.93333333333333335]
********************************************************************************

--------------------------------------------------------------------------------
SVM
--------------------------------------------------------------------------------
model ('rbf', 'auto', 0.5) average [0.87773307302719061, 0.88333333333333341]
model ('rbf', 1, 1) average [0.80289137877373162, 0.80833333333333335]
model ('rbf', 0.1, 1) average [0.93212517215613189, 0.93333333333333324]
model ('linear', 'auto', 1) average [0.94960473078120133, 0.94999999999999996]
model ('rbf', 'auto', 3) average [0.91186005715417484, 0.91666666666666663]
model ('rbf', 1, 0.5) average [0.74653810387143715, 0.76666666666666661]
model ('linear', 'auto', 0.5) average [0.94960473078120133, 0.94999999999999996]
model ('rbf', 1, 3) average [0.78062063633957568, 0.79166666666666674]
model ('rbf', 0.1, 3) average [0.93212517215613189, 0.93333333333333335]
model ('linear', 'auto', 3) average [0.94123871770930589, 0.94166666666666676]
model ('rbf', 'auto', 1) average [0.91350083353179323, 0.91666666666666674]
model ('rbf', 0.1, 0.5) average [0.9324743230625584, 0.93333333333333335]

********************************************************************************
winner model ('linear', 'auto', 1) score 0.949604730781 => [0.96658312447786132, 0.96666666666666667]
********************************************************************************

