================================================================================
SET letter
================================================================================
--------------------------------------------------------------------------------
kNN
--------------------------------------------------------------------------------
model 3 average [0.89572012714078364, 0.89531124160888198]
model 5 average [0.89771978794145857, 0.89743177808929109]
model 7 average [0.89330563615286174, 0.89299715105941113]
model 9 average [0.88965579818617402, 0.88918503254010128]
model 11 average [0.88596057696019648, 0.88549101140444009]

********************************************************************************
winner model 5 score 0.897719787941 => [0.91201385447845129, 0.91200000000000003]
********************************************************************************

--------------------------------------------------------------------------------
Gaussian NB
--------------------------------------------------------------------------------
model N/A average [0.63837203575568058, 0.64349066901064966]

********************************************************************************
winner model N/A score 0.638372035756 => [0.63519515405333848, 0.64075000000000004]
********************************************************************************

--------------------------------------------------------------------------------
Random Forest
--------------------------------------------------------------------------------
model (5, 'gini') average [0.89125611574949204, 0.8907404228953576]
model (5, 'entropy') average [0.88871438014161142, 0.88812223641429422]
model (10, 'gini') average [0.92153861078567978, 0.9216148708853833]
model (10, 'entropy') average [0.92125074972333376, 0.9211888970662081]
model (20, 'gini') average [0.94313720693610925, 0.94311922587895813]
model (20, 'entropy') average [0.94067911264696868, 0.94074302645382879]
model (30, 'gini') average [0.9494265488524235, 0.94949197791869611]
model (30, 'entropy') average [0.94760261014973324, 0.94761946874465475]

********************************************************************************
winner model (30, 'gini') score 0.949426548852 => [0.95239460705490697, 0.95250000000000001]
********************************************************************************

--------------------------------------------------------------------------------
SVM
--------------------------------------------------------------------------------
