================================================================================
SET wdbc
================================================================================
--------------------------------------------------------------------------------
kNN
--------------------------------------------------------------------------------
model 3 average [0.96419150644107943, 0.96703296703296693]
model 5 average [0.96910718653966232, 0.97142857142857131]
model 7 average [0.96438221026815918, 0.96703296703296715]
model 9 average [0.96916688712918597, 0.97142857142857153]
model 11 average [0.95704230981303806, 0.96043956043956036]

********************************************************************************
winner model 9 score 0.969166887129 => [0.94153846153846155, 0.94736842105263153]
********************************************************************************

--------------------------------------------------------------------------------
Gaussian NB
--------------------------------------------------------------------------------
model N/A average [0.9248699615489564, 0.9296703296703297]

********************************************************************************
winner model N/A score 0.924869961549 => [0.92205128205128206, 0.92982456140350878]
********************************************************************************

--------------------------------------------------------------------------------
Random Forest
--------------------------------------------------------------------------------
model (5, 'gini') average [0.94595702856948694, 0.94945054945054941]
model (5, 'entropy') average [0.93901048727523562, 0.94285714285714284]
model (10, 'gini') average [0.94071719864757974, 0.94505494505494503]
model (10, 'entropy') average [0.94531889509853662, 0.94945054945054941]
model (20, 'gini') average [0.94551310541572808, 0.94945054945054941]
model (20, 'entropy') average [0.94750551947440942, 0.9516483516483516]
model (30, 'gini') average [0.9554419533312547, 0.95824175824175817]
model (30, 'entropy') average [0.95525860316398004, 0.95824175824175817]

********************************************************************************
winner model (30, 'gini') score 0.955441953331 => [0.93136664659843471, 0.93859649122807021]
********************************************************************************

--------------------------------------------------------------------------------
SVM
--------------------------------------------------------------------------------
model ('rbf', 'auto', 0.5) average [0.97168022570917523, 0.97362637362637372]
model ('rbf', 1, 1) average [0.38513513513513514, 0.62637362637362637]
model ('rbf', 0.1, 1) average [0.96030828182224093, 0.96263736263736255]
model ('linear', 'auto', 1) average [0.9667622866327843, 0.96923076923076912]
model ('rbf', 'auto', 3) average [0.96928788727866189, 0.97142857142857131]
model ('rbf', 1, 0.5) average [0.38513513513513514, 0.62637362637362637]
model ('linear', 'auto', 0.5) average [0.96906941754087761, 0.97142857142857131]
model ('rbf', 1, 3) average [0.38513513513513514, 0.62637362637362637]
model ('rbf', 0.1, 3) average [0.96023677043365496, 0.96263736263736277]
model ('linear', 'auto', 3) average [0.97391137965419983, 0.97582417582417591]
model ('rbf', 'auto', 1) average [0.97409575744302068, 0.97582417582417591]
model ('rbf', 0.1, 0.5) average [0.93756064374826986, 0.94065934065934065]

********************************************************************************
winner model ('rbf', 'auto', 1) score 0.974095757443 => [0.92297297297297298, 0.92982456140350878]
********************************************************************************

