================================================================================
SET wine
================================================================================
--------------------------------------------------------------------------------
kNN
--------------------------------------------------------------------------------
model 3 average [0.95247013526997359, 0.9501587301587302]
model 5 average [0.96709001831090935, 0.96497354497354504]
model 7 average [0.95930880056065138, 0.95783068783068792]
model 9 average [0.95264213389398478, 0.95068783068783058]
model 11 average [0.96027828619832933, 0.95830687830687822]

********************************************************************************
winner model 5 score 0.967090018311 => [0.9451526251526251, 0.94444444444444442]
********************************************************************************

--------------------------------------------------------------------------------
Gaussian NB
--------------------------------------------------------------------------------
model N/A average [0.96554129328392357, 0.96544973544973556]

********************************************************************************
winner model N/A score 0.965541293284 => [0.97432098765432107, 0.97222222222222221]
********************************************************************************

--------------------------------------------------------------------------------
Random Forest
--------------------------------------------------------------------------------
model (5, 'gini') average [0.96624591782486535, 0.96497354497354482]
model (5, 'entropy') average [0.95158114809615668, 0.95063492063492061]
model (10, 'gini') average [0.97266755977753427, 0.97211640211640216]
model (10, 'entropy') average [0.9802866073965818, 0.97952380952380946]
model (20, 'gini') average [0.96701938136047705, 0.96619047619047616]
model (20, 'entropy') average [0.9871067267486705, 0.98666666666666669]
model (30, 'gini') average [0.97146092327678013, 0.97185185185185186]
model (30, 'entropy') average [0.97828104262886872, 0.97851851851851845]

********************************************************************************
winner model (20, 'entropy') score 0.987106726749 => [1.0, 1.0]
********************************************************************************

--------------------------------------------------------------------------------
SVM
--------------------------------------------------------------------------------
model ('rbf', 'auto', 0.5) average [0.97777104969782314, 0.97851851851851845]
model ('rbf', 1, 1) average [0.27107904229855445, 0.44470899470899478]
model ('rbf', 0.1, 1) average [0.98394648829431441, 0.98518518518518516]
model ('linear', 'auto', 1) average [0.98630779848171157, 0.98592592592592587]
model ('rbf', 'auto', 3) average [0.98394648829431441, 0.98518518518518516]
model ('rbf', 1, 0.5) average [0.19099029625345412, 0.40153439153439158]
model ('linear', 'auto', 0.5) average [0.98441558441558441, 0.98518518518518516]
model ('rbf', 1, 3) average [0.32033670033670031, 0.47306878306878303]
model ('rbf', 0.1, 3) average [0.98394648829431441, 0.98518518518518516]
model ('linear', 'auto', 3) average [0.98630779848171157, 0.98592592592592587]
model ('rbf', 'auto', 1) average [0.97777104969782314, 0.97851851851851845]
model ('rbf', 0.1, 0.5) average [0.97777104969782314, 0.97851851851851845]

********************************************************************************
winner model ('linear', 'auto', 1) score 0.986307798482 => [0.97178130511463845, 0.97222222222222221]
********************************************************************************

================================================================================
SET wine-red
================================================================================
--------------------------------------------------------------------------------
kNN
--------------------------------------------------------------------------------
model 3 average [0.24484690162040135, 0.5082415421877412]
model 5 average [0.25788564267906888, 0.54577883311210751]
model 7 average [0.24919574767726319, 0.54968821864586392]
model 9 average [0.25334357201358232, 0.57000404519899506]
model 11 average [0.25334016669167969, 0.57312600531572655]

********************************************************************************
winner model 5 score 0.257885642679 => [0.29497261449706236, 0.55000000000000004]
********************************************************************************

--------------------------------------------------------------------------------
Gaussian NB
--------------------------------------------------------------------------------
model N/A average [0.29616914347393741, 0.54342912311988134]

********************************************************************************
winner model N/A score 0.296169143474 => [0.30529747878982816, 0.53749999999999998]
********************************************************************************

--------------------------------------------------------------------------------
Random Forest
--------------------------------------------------------------------------------
model (5, 'gini') average [0.28448678542815004, 0.5684504008947554]
model (5, 'entropy') average [0.28036536741068518, 0.57703254311199337]
model (10, 'gini') average [0.29232136980468504, 0.61062650741038771]
model (10, 'entropy') average [0.29828752643272033, 0.61304728365004801]
model (20, 'gini') average [0.28891105637776898, 0.60978388443408549]
model (20, 'entropy') average [0.31272614970046175, 0.65057212780827578]
model (30, 'gini') average [0.28807519151791916, 0.60511768774078767]
model (30, 'entropy') average [0.30427655741871518, 0.63561800878475105]

********************************************************************************
winner model (20, 'entropy') score 0.3127261497 => [0.337412007334358, 0.68125000000000002]
********************************************************************************

--------------------------------------------------------------------------------
SVM
--------------------------------------------------------------------------------
model ('rbf', 'auto', 0.5) average [0.23085014305131163, 0.59887103898094363]
model ('rbf', 1, 1) average [0.21751437819761765, 0.56762372094928537]
model ('rbf', 0.1, 1) average [0.25972025483663291, 0.59960621247947687]
model ('linear', 'auto', 1) average [0.22653659593145994, 0.5958562890749608]
model ('rbf', 'auto', 3) average [0.26698297722344899, 0.59414040699385851]
model ('rbf', 1, 0.5) average [0.15949788823867941, 0.49420000916892998]
model ('linear', 'auto', 0.5) average [0.21949980990007378, 0.59428766162398039]
model ('rbf', 1, 3) average [0.25216432656074039, 0.55903583557262482]
model ('rbf', 0.1, 3) average [0.27205571196430045, 0.59493087229415187]
model ('linear', 'auto', 3) average [0.22921970217281604, 0.59741270930842383]
model ('rbf', 'auto', 1) average [0.25714379212384025, 0.59805290393754862]
model ('rbf', 0.1, 0.5) average [0.23467542321428816, 0.5980775340789829]

********************************************************************************
winner model ('rbf', 0.1, 3) score 0.272055711964 => [0.31844035392880365, 0.59999999999999998]
********************************************************************************

================================================================================
SET wine-white
================================================================================
--------------------------------------------------------------------------------
kNN
--------------------------------------------------------------------------------
model 3 average [0.3008821631724114, 0.51325227516604532]
model 5 average [0.28328527346243537, 0.52832977790639668]
model 7 average [0.26631227420443976, 0.52729733995129746]
model 9 average [0.26314055522610424, 0.528849450235373]
model 11 average [0.23787535611053237, 0.52935966428104442]

********************************************************************************
winner model 3 score 0.300882163172 => [0.27844121509314157, 0.53061224489795922]
********************************************************************************

--------------------------------------------------------------------------------
Gaussian NB
--------------------------------------------------------------------------------
model N/A average [0.27402087667187025, 0.44844892745351561]

********************************************************************************
winner model N/A score 0.274020876672 => [0.22541006692089452, 0.41224489795918368]
********************************************************************************

--------------------------------------------------------------------------------
Random Forest
--------------------------------------------------------------------------------
model (5, 'gini') average [0.34211642965579186, 0.56605042946023154]
model (5, 'entropy') average [0.34533201568726007, 0.56938668739272313]
model (10, 'gini') average [0.37453845695032695, 0.60640070236714327]
model (10, 'entropy') average [0.37486668356076219, 0.61509092737977622]
model (20, 'gini') average [0.39304649574977568, 0.63754710953540283]
model (20, 'entropy') average [0.39713179404950005, 0.64316983748413059]
model (30, 'gini') average [0.38440781633105092, 0.63318197751281513]
model (30, 'entropy') average [0.39480778902178421, 0.65004977578987044]

********************************************************************************
winner model (20, 'entropy') score 0.39713179405 => [0.385475688945142, 0.65000000000000002]
********************************************************************************

--------------------------------------------------------------------------------
SVM
--------------------------------------------------------------------------------
model ('rbf', 'auto', 0.5) average [0.21500077522565833, 0.55283690868860214]
model ('rbf', 1, 1) average [0.21032438138848977, 0.54082837243240833]
model ('rbf', 0.1, 1) average [0.23703932036263525, 0.5612582506657009]
model ('linear', 'auto', 1) average [0.17285929375142145, 0.52117878071713741]
model ('rbf', 'auto', 3) average [0.26371743707503226, 0.56073598685235204]
model ('rbf', 1, 0.5) average [0.12605025953253218, 0.47243610248095436]
model ('linear', 'auto', 0.5) average [0.17285687086233253, 0.5211797606225439]
model ('rbf', 1, 3) average [0.26187512243886013, 0.56558477569095111]
model ('rbf', 0.1, 3) average [0.26952741409572434, 0.56176290360274239]
model ('linear', 'auto', 3) average [0.17289140307908182, 0.52117878071713741]
model ('rbf', 'auto', 1) average [0.23142119999542071, 0.5579337690550572]
model ('rbf', 0.1, 0.5) average [0.2146404285805022, 0.55232410317448044]

********************************************************************************
winner model ('rbf', 0.1, 3) score 0.269527414096 => [0.27382188906748622, 0.57653061224489799]
********************************************************************************

